2023-09-07 04:35:08.856 [main] [INFO ] api.test.UserTests - *****************Creating new users via Post Request ******************
2023-09-07 04:35:20.117 [main] [INFO ] api.test.UserTests - *****************New users are created successfully via Post Request ******************
2023-09-07 04:35:20.145 [main] [INFO ] api.test.UserTests - ***************** Fetching user details via getUser request ******************
2023-09-07 04:35:22.435 [main] [INFO ] api.test.UserTests - ***************** User details are fetched successfully via getUser request with Username ******************
2023-09-07 04:35:22.448 [main] [INFO ] api.test.UserTests - ***************** Updating existing user details via Update request ******************
2023-09-07 04:35:24.778 [main] [INFO ] api.test.UserTests - ***************** User details are updated successfully via Update Request ******************
2023-09-07 04:35:24.784 [main] [INFO ] api.test.UserTests - ***************** Delete request has been raised for deleting user details at server side ******************
2023-09-07 04:35:26.033 [main] [INFO ] api.test.UserTests - ***************** User details have been deleted successfully via Delete request  ******************
2023-09-09 19:52:39.725 [main] [INFO ] api.test.UserTests - *****************Creating new users via Post Request ******************
2023-09-09 19:52:42.105 [main] [INFO ] api.test.UserTests - ***************** Fetching user details via getUser request ******************
2023-09-09 19:52:42.128 [main] [INFO ] api.test.UserTests - ***************** Updating existing user details via Update request ******************
2023-09-09 19:52:42.156 [main] [INFO ] api.test.UserTests - ***************** Delete request has been raised for deleting user details at server side ******************
2023-09-09 19:55:05.083 [main] [INFO ] api.test.UserTests - *****************Creating new users via Post Request ******************
2023-09-09 19:55:17.507 [main] [INFO ] api.test.UserTests - *****************New users are created successfully via Post Request ******************
2023-09-09 19:55:17.537 [main] [INFO ] api.test.UserTests - ***************** Fetching user details via getUser request ******************
2023-09-09 19:55:19.739 [main] [INFO ] api.test.UserTests - ***************** User details are fetched successfully via getUser request with Username ******************
2023-09-09 19:55:19.750 [main] [INFO ] api.test.UserTests - ***************** Updating existing user details via Update request ******************
2023-09-09 19:55:22.242 [main] [INFO ] api.test.UserTests - ***************** User details are updated successfully via Update Request ******************
2023-09-09 19:55:22.248 [main] [INFO ] api.test.UserTests - ***************** Delete request has been raised for deleting user details at server side ******************
2023-09-09 19:55:23.413 [main] [INFO ] api.test.UserTests - ***************** User details have been deleted successfully via Delete request  ******************
2023-09-09 20:29:52.049 [main] [INFO ] api.test.UserTests2 - *****************Creating new users via Post Request ******************
2023-09-09 20:30:03.865 [main] [INFO ] api.test.UserTests2 - *****************New users are created successfully via Post Request ******************
2023-09-09 20:30:03.891 [main] [INFO ] api.test.UserTests2 - ***************** Fetching user details via getUser request ******************
2023-09-09 20:30:07.711 [main] [INFO ] api.test.UserTests2 - ***************** User details are fetched successfully via getUser request with Username ******************
2023-09-09 20:30:07.720 [main] [INFO ] api.test.UserTests2 - ***************** Updating existing user details via Update request ******************
2023-09-09 20:30:10.717 [main] [INFO ] api.test.UserTests2 - ***************** User details are updated successfully via Update Request ******************
2023-09-09 20:30:10.724 [main] [INFO ] api.test.UserTests2 - ***************** Delete request has been raised for deleting user details at server side ******************
2023-09-09 21:19:42.439 [main] [INFO ] api.test.UserTests - *****************Creating new users via Post Request ******************
2023-09-09 21:19:50.859 [main] [INFO ] api.test.UserTests - *****************New users are created successfully via Post Request ******************
2023-09-09 21:19:50.863 [main] [INFO ] api.test.UserTests - ***************** Fetching user details via getUser request ******************
2023-09-09 21:19:53.433 [main] [INFO ] api.test.UserTests - ***************** User details are fetched successfully via getUser request with Username ******************
2023-09-09 21:19:53.446 [main] [INFO ] api.test.UserTests - ***************** Updating existing user details via Update request ******************
2023-09-09 21:19:56.030 [main] [INFO ] api.test.UserTests - ***************** User details are updated successfully via Update Request ******************
2023-09-09 21:19:56.033 [main] [INFO ] api.test.UserTests - ***************** Delete request has been raised for deleting user details at server side ******************
2023-09-09 21:19:57.201 [main] [INFO ] api.test.UserTests - ***************** User details have been deleted successfully via Delete request  ******************
2023-09-09 22:43:06.918 [main] [INFO ] api.test.UserTests - *****************Creating new users via Post Request ******************
2023-09-09 22:43:13.922 [main] [INFO ] api.test.UserTests - *****************New users are created successfully via Post Request ******************
2023-09-09 22:43:13.926 [main] [INFO ] api.test.UserTests - ***************** Fetching user details via getUser request ******************
2023-09-09 22:43:16.028 [main] [INFO ] api.test.UserTests - ***************** User details are fetched successfully via getUser request with Username ******************
2023-09-09 22:43:16.032 [main] [INFO ] api.test.UserTests - ***************** Updating existing user details via Update request ******************
2023-09-09 22:43:18.464 [main] [INFO ] api.test.UserTests - ***************** User details are updated successfully via Update Request ******************
2023-09-09 22:43:18.465 [main] [INFO ] api.test.UserTests - ***************** Delete request has been raised for deleting user details at server side ******************
2023-09-09 22:43:19.643 [main] [INFO ] api.test.UserTests - ***************** User details have been deleted successfully via Delete request  ******************
